<?xml version="1.0" encoding="UTF-8"?>
<testng-results ignored="0" total="1" passed="1" failed="0" skipped="0">
  <reporter-output>
  </reporter-output>
  <suite started-at="2024-11-24T18:31:24 IST" name="Suite" finished-at="2024-11-24T18:31:30 IST" duration-ms="5766">
    <groups>
    </groups>
    <test started-at="2024-11-24T18:31:24 IST" name="Test" finished-at="2024-11-24T18:31:30 IST" duration-ms="5766">
      <class name="crudoperations.com.testng.TestngPostExample">
        <test-method signature="postFunction()[pri:0, instance:crudoperations.com.testng.TestngPostExample@7bab3f1a]" started-at="2024-11-24T18:31:24 IST" name="postFunction" finished-at="2024-11-24T18:31:30 IST" duration-ms="5661" status="PASS">
          <reporter-output>
          </reporter-output>
        </test-method> <!-- postFunction -->
      </class> <!-- crudoperations.com.testng.TestngPostExample -->
    </test> <!-- Test -->
  </suite> <!-- Suite -->
</testng-results>
